[14-Mar-2022 09:45:36] NOTICE: fpm is running, pid 19371
[14-Mar-2022 09:45:36] NOTICE: ready to handle connections
[15-Aug-2022 10:35:25] NOTICE: fpm is running, pid 11350
[15-Aug-2022 10:35:25] NOTICE: ready to handle connections
[22-Aug-2022 09:01:48] NOTICE: Terminating ...
[22-Aug-2022 09:01:48] NOTICE: Terminating ...
[22-Aug-2022 09:01:48] NOTICE: exiting, bye-bye!
[25-Aug-2022 13:11:51] NOTICE: fpm is running, pid 8883
[25-Aug-2022 13:11:51] NOTICE: ready to handle connections
[31-Aug-2022 19:18:20] NOTICE: Terminating ...
[31-Aug-2022 19:18:20] NOTICE: Terminating ...
[31-Aug-2022 19:18:20] NOTICE: exiting, bye-bye!
[14-Sep-2022 09:16:48] NOTICE: fpm is running, pid 88173
[14-Sep-2022 09:16:48] NOTICE: ready to handle connections
[23-Sep-2022 12:24:32] NOTICE: fpm is running, pid 38904
[23-Sep-2022 12:24:32] NOTICE: ready to handle connections
[06-Oct-2022 16:35:35] NOTICE: Terminating ...
[06-Oct-2022 16:35:35] NOTICE: exiting, bye-bye!
[02-Mar-2023 19:57:02] NOTICE: fpm is running, pid 73322
[02-Mar-2023 19:57:02] NOTICE: ready to handle connections
[20-Mar-2023 16:36:12] WARNING: [pool www] child 73335 exited on signal 11 (SIGSEGV) after 1543151.332143 seconds from start
[20-Mar-2023 16:36:12] NOTICE: [pool www] child 26998 started
[20-Mar-2023 16:38:17] WARNING: [pool www] child 26998 exited on signal 11 (SIGSEGV) after 124.655222 seconds from start
[20-Mar-2023 16:38:17] NOTICE: [pool www] child 27026 started
[20-Mar-2023 16:39:13] WARNING: [pool www] child 73336 exited on signal 11 (SIGSEGV) after 1543332.155023 seconds from start
[20-Mar-2023 16:39:13] NOTICE: [pool www] child 27035 started
[25-Mar-2023 20:25:12] NOTICE: Terminating ...
[25-Mar-2023 20:25:12] NOTICE: Terminating ...
[25-Mar-2023 20:25:12] NOTICE: exiting, bye-bye!
[26-Mar-2023 10:11:32] NOTICE: fpm is running, pid 45785
[26-Mar-2023 10:11:32] NOTICE: ready to handle connections
[03-Apr-2023 21:08:23] NOTICE: Terminating ...
[03-Apr-2023 21:08:23] NOTICE: Terminating ...
[03-Apr-2023 21:08:23] NOTICE: exiting, bye-bye!
